<?xml version="1.0" encoding="UTF-8"?>
<!-- Generated by org.testng.reporters.JUnitXMLReporter -->
<testsuite ignored="0" hostname="LTIN509474" failures="0" tests="48" name="Surefire test" time="468.839" errors="0" timestamp="2024-04-15T16:22:02 IST">
  <testcase classname="stepDefinitions.Testcase" name="@BeforeClass driverconfig" time="-1.713177853756E9">
    <failure type="org.testng.TestNGException" message="
Parameter &amp;apos;browser&amp;apos; is required by BeforeClass on method driverconfig but has not been marked @Optional or defined
">
      <![CDATA[org.testng.TestNGException: 
Parameter 'browser' is required by BeforeClass on method driverconfig but has not been marked @Optional or defined

at java.base/java.util.ArrayList.forEach(ArrayList.java:1511)
... Removed 27 stack frames]]>
    </failure>
  </testcase> <!-- @BeforeClass driverconfig -->
  <testcase classname="stepDefinitions.Testcase" name="@AfterClass Afterclass" time="0.0">
    <skipped/>
  </testcase> <!-- @AfterClass Afterclass -->
  <testcase classname="stepDefinitions.Testcase" name="TC_01_enterDetails" time="0.0">
    <skipped/>
  </testcase> <!-- TC_01_enterDetails -->
  <testcase classname="stepDefinitions.Testcase" name="TC_01_02_displayResult" time="0.0">
    <skipped/>
  </testcase> <!-- TC_01_02_displayResult -->
  <testcase classname="stepDefinitions.Testcase" name="TC_02_01_StoringTheYearTableInExcel" time="0.0">
    <skipped/>
  </testcase> <!-- TC_02_01_StoringTheYearTableInExcel -->
  <testcase classname="stepDefinitions.Testcase" name="TC_03_01_validateLoanAmountTextBox" time="0.0">
    <skipped/>
  </testcase> <!-- TC_03_01_validateLoanAmountTextBox -->
  <testcase classname="stepDefinitions.Testcase" name="TC03_02_validateLoanAmountSlider" time="0.0">
    <skipped/>
  </testcase> <!-- TC03_02_validateLoanAmountSlider -->
  <testcase classname="stepDefinitions.Testcase" name="TC_03_03_validatingDataFlowBetweenLoanAmountSliderAndTextBox" time="0.0">
    <skipped/>
  </testcase> <!-- TC_03_03_validatingDataFlowBetweenLoanAmountSliderAndTextBox -->
  <testcase classname="stepDefinitions.Testcase" name="TC_03_04_validateInterestRateTextBox" time="0.0">
    <skipped/>
  </testcase> <!-- TC_03_04_validateInterestRateTextBox -->
  <testcase classname="stepDefinitions.Testcase" name="TC_03_05_validateInterestRateSlider" time="0.0">
    <skipped/>
  </testcase> <!-- TC_03_05_validateInterestRateSlider -->
  <testcase classname="stepDefinitions.Testcase" name="TC_03_06_validatingDataFlowBetweenInterestRateSliderAndTextBox" time="0.0">
    <skipped/>
  </testcase> <!-- TC_03_06_validatingDataFlowBetweenInterestRateSliderAndTextBox -->
  <testcase classname="stepDefinitions.Testcase" name="TC_03_07_validateLoanTenureTextBox" time="0.0">
    <skipped/>
  </testcase> <!-- TC_03_07_validateLoanTenureTextBox -->
  <testcase classname="stepDefinitions.Testcase" name="TC_03_08_validateLoanTenureSlider" time="0.0">
    <skipped/>
  </testcase> <!-- TC_03_08_validateLoanTenureSlider -->
  <testcase classname="stepDefinitions.Testcase" name="TC_03_09_validatingDataFlowBetweenLoanTenureSliderAndTextBox" time="0.0">
    <skipped/>
  </testcase> <!-- TC_03_09_validatingDataFlowBetweenLoanTenureSliderAndTextBox -->
  <testcase classname="stepDefinitions.Testcase" name="TC_03_10_validateFeesAndChargesTextBox" time="0.0">
    <skipped/>
  </testcase> <!-- TC_03_10_validateFeesAndChargesTextBox -->
  <testcase classname="stepDefinitions.Testcase" name="TC_01_11_validateFeesAndChargesSlider" time="0.0">
    <skipped/>
  </testcase> <!-- TC_01_11_validateFeesAndChargesSlider -->
  <testcase classname="stepDefinitions.Testcase" name="TC_03_12_validatingDataFlowBetweenFeesAndChargesSliderAndTextBox" time="0.0">
    <skipped/>
  </testcase> <!-- TC_03_12_validatingDataFlowBetweenFeesAndChargesSliderAndTextBox -->
  <testcase classname="stepDefinitions.Testcase" name="TC_03_13_validatingValidatingEMITextBox" time="0.0">
    <skipped/>
  </testcase> <!-- TC_03_13_validatingValidatingEMITextBox -->
  <testcase classname="stepDefinitions.Testcase" name="TC_03_14_validatingEMISlider" time="0.0">
    <skipped/>
  </testcase> <!-- TC_03_14_validatingEMISlider -->
  <testcase classname="stepDefinitions.Testcase" name="TC_03_15_validatingDataFlowBetweenEMISliderAndTextBox" time="0.0">
    <skipped/>
  </testcase> <!-- TC_03_15_validatingDataFlowBetweenEMISliderAndTextBox -->
  <testcase classname="stepDefinitions.Testcase" name="TC_03_16_validateInterestRateTextBox" time="0.0">
    <skipped/>
  </testcase> <!-- TC_03_16_validateInterestRateTextBox -->
  <testcase classname="stepDefinitions.Testcase" name="TC_03_17_validatingDataFlowBetweenInterestRateSliderAndTextBox" time="0.0">
    <skipped/>
  </testcase> <!-- TC_03_17_validatingDataFlowBetweenInterestRateSliderAndTextBox -->
  <testcase classname="stepDefinitions.Testcase" name="TC_03_18_validatingDataFlowBetweenInterestRateSliderAndTextBox" time="0.0">
    <skipped/>
  </testcase> <!-- TC_03_18_validatingDataFlowBetweenInterestRateSliderAndTextBox -->
  <testcase classname="stepDefinitions.Testcase" name="TC_03_19_validateLoanTenureTextBox" time="0.0">
    <skipped/>
  </testcase> <!-- TC_03_19_validateLoanTenureTextBox -->
  <testcase classname="stepDefinitions.Testcase" name="TC_03_20_validateLoanTenureSlider" time="0.0">
    <skipped/>
  </testcase> <!-- TC_03_20_validateLoanTenureSlider -->
  <testcase classname="stepDefinitions.Testcase" name="TC_03_22_validateFeesAndChargesTextBox" time="0.0">
    <skipped/>
  </testcase> <!-- TC_03_22_validateFeesAndChargesTextBox -->
  <testcase classname="stepDefinitions.Testcase" name="TC_03_23_validateFeesAndChargesSlider" time="0.0">
    <skipped/>
  </testcase> <!-- TC_03_23_validateFeesAndChargesSlider -->
  <testcase classname="stepDefinitions.Testcase" name="TC_03_24_validatingDataFlowBetweenFeesAndChargesSliderAndTextBox" time="0.001">
    <skipped/>
  </testcase> <!-- TC_03_24_validatingDataFlowBetweenFeesAndChargesSliderAndTextBox -->
  <testcase classname="stepDefinitions.Testcase" name="TC_03_25_validateLoanAmountTextBox" time="0.0">
    <skipped/>
  </testcase> <!-- TC_03_25_validateLoanAmountTextBox -->
  <testcase classname="stepDefinitions.Testcase" name="TC_03_26_validateLoanAmountSlider" time="0.001">
    <skipped/>
  </testcase> <!-- TC_03_26_validateLoanAmountSlider -->
  <testcase classname="stepDefinitions.Testcase" name="TC_03_27_validatingDataFlowBetweenLoanAmountSliderAndTextBox" time="0.0">
    <skipped/>
  </testcase> <!-- TC_03_27_validatingDataFlowBetweenLoanAmountSliderAndTextBox -->
  <testcase classname="stepDefinitions.Testcase" name="TC_03_28_validatingValidatingEMITextBox" time="0.0">
    <skipped/>
  </testcase> <!-- TC_03_28_validatingValidatingEMITextBox -->
  <testcase classname="stepDefinitions.Testcase" name="TC_03_29_validatingEMISlider" time="0.0">
    <skipped/>
  </testcase> <!-- TC_03_29_validatingEMISlider -->
  <testcase classname="stepDefinitions.Testcase" name="TC_03_30_validatingDataFlowBetweenEMISliderAndTextBox" time="0.0">
    <skipped/>
  </testcase> <!-- TC_03_30_validatingDataFlowBetweenEMISliderAndTextBox -->
  <testcase classname="stepDefinitions.Testcase" name="TC_03_31_validateInterestRateTextBox" time="0.0">
    <skipped/>
  </testcase> <!-- TC_03_31_validateInterestRateTextBox -->
  <testcase classname="stepDefinitions.Testcase" name="TC_03_32_validatingInterestRateSlider" time="0.0">
    <skipped/>
  </testcase> <!-- TC_03_32_validatingInterestRateSlider -->
  <testcase classname="stepDefinitions.Testcase" name="TC_03_33_validateDataFlowBetweenInterestRateSliderAndTextBox" time="0.0">
    <skipped/>
  </testcase> <!-- TC_03_33_validateDataFlowBetweenInterestRateSliderAndTextBox -->
  <testcase classname="stepDefinitions.Testcase" name="TC_03_34_validateFeesAndChargesTextBox" time="0.001">
    <skipped/>
  </testcase> <!-- TC_03_34_validateFeesAndChargesTextBox -->
  <testcase classname="stepDefinitions.Testcase" name="TC_03_35_validateFeesAndChargesSlider" time="0.0">
    <skipped/>
  </testcase> <!-- TC_03_35_validateFeesAndChargesSlider -->
  <testcase classname="stepDefinitions.Testcase" name="TC_036_validatingDataFlowBetweenFeesAndChargesSliderAndTextBox" time="0.0">
    <skipped/>
  </testcase> <!-- TC_036_validatingDataFlowBetweenFeesAndChargesSliderAndTextBox -->
  <testcase classname="stepDefinitions.Testcase" name="TC_03_37_validatingDataFlowBetweenYearAndMonthButton" time="0.0">
    <skipped/>
  </testcase> <!-- TC_03_37_validatingDataFlowBetweenYearAndMonthButton -->
  <testcase classname="stepDefinitions.Testcase" name="TC_03_38_validatingDataFlowBetweenYearAndMonthButton" time="0.0">
    <skipped/>
  </testcase> <!-- TC_03_38_validatingDataFlowBetweenYearAndMonthButton -->
  <testcase classname="io.cucumber.testng.AbstractTestNGCucumberTests" name="runScenario" time="14.553"/>
  <testcase classname="io.cucumber.testng.AbstractTestNGCucumberTests" name="runScenario" time="82.673"/>
  <testcase classname="io.cucumber.testng.AbstractTestNGCucumberTests" name="runScenario" time="80.6"/>
  <testcase classname="io.cucumber.testng.AbstractTestNGCucumberTests" name="runScenario" time="30.29"/>
  <testcase classname="io.cucumber.testng.AbstractTestNGCucumberTests" name="runScenario" time="40.69"/>
  <testcase classname="io.cucumber.testng.AbstractTestNGCucumberTests" name="runScenario" time="71.911"/>
  <testcase classname="io.cucumber.testng.AbstractTestNGCucumberTests" name="runScenario" time="43.693"/>
  <testcase classname="io.cucumber.testng.AbstractTestNGCucumberTests" name="runScenario" time="75.845"/>
</testsuite> <!-- Surefire test -->
