<?xml version="1.0" encoding="UTF-8"?>
<!-- Generated by org.testng.reporters.JUnitReportReporter -->
<testsuite hostname="LTIN509474" failures="0" tests="41" name="stepDefinitions.Testcase" time="-1713177856.000" errors="1" timestamp="2024-04-15T16:22:03 IST" skipped="40">
  <testcase classname="stepDefinitions.Testcase" name="driverconfig" time="-1713177856.000">
    <error message="
Parameter &#039;browser&#039; is required by BeforeClass on method driverconfig but has not been marked @Optional or defined
" type="org.testng.TestNGException">
      <![CDATA[org.testng.TestNGException: 
Parameter 'browser' is required by BeforeClass on method driverconfig but has not been marked @Optional or defined

at org.testng.internal.Parameters.createParams(Parameters.java:267)
at org.testng.internal.Parameters.createParametersForMethod(Parameters.java:355)
at org.testng.internal.Parameters.createParameters(Parameters.java:693)
at org.testng.internal.Parameters.createConfigurationParameters(Parameters.java:166)
at org.testng.internal.invokers.ConfigInvoker.invokeConfigurations(ConfigInvoker.java:306)
at org.testng.internal.invokers.TestMethodWorker.invokeBeforeClassMethods(TestMethodWorker.java:180)
at org.testng.internal.invokers.TestMethodWorker.run(TestMethodWorker.java:122)
at java.base/java.util.ArrayList.forEach(ArrayList.java:1511)
at org.testng.TestRunner.privateRun(TestRunner.java:819)
at org.testng.TestRunner.run(TestRunner.java:619)
at org.testng.SuiteRunner.runTest(SuiteRunner.java:443)
at org.testng.SuiteRunner.runSequentially(SuiteRunner.java:437)
at org.testng.SuiteRunner.privateRun(SuiteRunner.java:397)
at org.testng.SuiteRunner.run(SuiteRunner.java:336)
at org.testng.SuiteRunnerWorker.runSuite(SuiteRunnerWorker.java:52)
at org.testng.SuiteRunnerWorker.run(SuiteRunnerWorker.java:95)
at org.testng.TestNG.runSuitesSequentially(TestNG.java:1301)
at org.testng.TestNG.runSuitesLocally(TestNG.java:1228)
at org.testng.TestNG.runSuites(TestNG.java:1134)
at org.testng.TestNG.run(TestNG.java:1101)
at org.apache.maven.surefire.testng.TestNGExecutor.run(TestNGExecutor.java:155)
at org.apache.maven.surefire.testng.TestNGDirectoryTestSuite.executeMulti(TestNGDirectoryTestSuite.java:169)
at org.apache.maven.surefire.testng.TestNGDirectoryTestSuite.execute(TestNGDirectoryTestSuite.java:88)
at org.apache.maven.surefire.testng.TestNGProvider.invoke(TestNGProvider.java:137)
at org.apache.maven.surefire.booter.ForkedBooter.runSuitesInProcess(ForkedBooter.java:385)
at org.apache.maven.surefire.booter.ForkedBooter.execute(ForkedBooter.java:162)
at org.apache.maven.surefire.booter.ForkedBooter.run(ForkedBooter.java:507)
at org.apache.maven.surefire.booter.ForkedBooter.main(ForkedBooter.java:495)
]]>
    </error>
  </testcase> <!-- driverconfig -->
  <testcase classname="stepDefinitions.Testcase" name="TC_01_enterDetails" time="0.000">
    <skipped/>
  </testcase> <!-- TC_01_enterDetails -->
  <testcase classname="stepDefinitions.Testcase" name="TC_01_02_displayResult" time="0.000">
    <skipped/>
  </testcase> <!-- TC_01_02_displayResult -->
  <testcase classname="stepDefinitions.Testcase" name="TC_02_01_StoringTheYearTableInExcel" time="0.000">
    <skipped/>
  </testcase> <!-- TC_02_01_StoringTheYearTableInExcel -->
  <testcase classname="stepDefinitions.Testcase" name="TC_03_01_validateLoanAmountTextBox" time="0.000">
    <skipped/>
  </testcase> <!-- TC_03_01_validateLoanAmountTextBox -->
  <testcase classname="stepDefinitions.Testcase" name="TC03_02_validateLoanAmountSlider" time="0.000">
    <skipped/>
  </testcase> <!-- TC03_02_validateLoanAmountSlider -->
  <testcase classname="stepDefinitions.Testcase" name="TC_03_03_validatingDataFlowBetweenLoanAmountSliderAndTextBox" time="0.000">
    <skipped/>
  </testcase> <!-- TC_03_03_validatingDataFlowBetweenLoanAmountSliderAndTextBox -->
  <testcase classname="stepDefinitions.Testcase" name="TC_03_04_validateInterestRateTextBox" time="0.000">
    <skipped/>
  </testcase> <!-- TC_03_04_validateInterestRateTextBox -->
  <testcase classname="stepDefinitions.Testcase" name="TC_03_05_validateInterestRateSlider" time="0.000">
    <skipped/>
  </testcase> <!-- TC_03_05_validateInterestRateSlider -->
  <testcase classname="stepDefinitions.Testcase" name="TC_03_06_validatingDataFlowBetweenInterestRateSliderAndTextBox" time="0.000">
    <skipped/>
  </testcase> <!-- TC_03_06_validatingDataFlowBetweenInterestRateSliderAndTextBox -->
  <testcase classname="stepDefinitions.Testcase" name="TC_03_07_validateLoanTenureTextBox" time="0.000">
    <skipped/>
  </testcase> <!-- TC_03_07_validateLoanTenureTextBox -->
  <testcase classname="stepDefinitions.Testcase" name="TC_03_08_validateLoanTenureSlider" time="0.000">
    <skipped/>
  </testcase> <!-- TC_03_08_validateLoanTenureSlider -->
  <testcase classname="stepDefinitions.Testcase" name="TC_03_09_validatingDataFlowBetweenLoanTenureSliderAndTextBox" time="0.000">
    <skipped/>
  </testcase> <!-- TC_03_09_validatingDataFlowBetweenLoanTenureSliderAndTextBox -->
  <testcase classname="stepDefinitions.Testcase" name="TC_03_10_validateFeesAndChargesTextBox" time="0.000">
    <skipped/>
  </testcase> <!-- TC_03_10_validateFeesAndChargesTextBox -->
  <testcase classname="stepDefinitions.Testcase" name="TC_01_11_validateFeesAndChargesSlider" time="0.000">
    <skipped/>
  </testcase> <!-- TC_01_11_validateFeesAndChargesSlider -->
  <testcase classname="stepDefinitions.Testcase" name="TC_03_12_validatingDataFlowBetweenFeesAndChargesSliderAndTextBox" time="0.000">
    <skipped/>
  </testcase> <!-- TC_03_12_validatingDataFlowBetweenFeesAndChargesSliderAndTextBox -->
  <testcase classname="stepDefinitions.Testcase" name="TC_03_13_validatingValidatingEMITextBox" time="0.000">
    <skipped/>
  </testcase> <!-- TC_03_13_validatingValidatingEMITextBox -->
  <testcase classname="stepDefinitions.Testcase" name="TC_03_14_validatingEMISlider" time="0.000">
    <skipped/>
  </testcase> <!-- TC_03_14_validatingEMISlider -->
  <testcase classname="stepDefinitions.Testcase" name="TC_03_15_validatingDataFlowBetweenEMISliderAndTextBox" time="0.000">
    <skipped/>
  </testcase> <!-- TC_03_15_validatingDataFlowBetweenEMISliderAndTextBox -->
  <testcase classname="stepDefinitions.Testcase" name="TC_03_16_validateInterestRateTextBox" time="0.000">
    <skipped/>
  </testcase> <!-- TC_03_16_validateInterestRateTextBox -->
  <testcase classname="stepDefinitions.Testcase" name="TC_03_17_validatingDataFlowBetweenInterestRateSliderAndTextBox" time="0.000">
    <skipped/>
  </testcase> <!-- TC_03_17_validatingDataFlowBetweenInterestRateSliderAndTextBox -->
  <testcase classname="stepDefinitions.Testcase" name="TC_03_18_validatingDataFlowBetweenInterestRateSliderAndTextBox" time="0.000">
    <skipped/>
  </testcase> <!-- TC_03_18_validatingDataFlowBetweenInterestRateSliderAndTextBox -->
  <testcase classname="stepDefinitions.Testcase" name="TC_03_19_validateLoanTenureTextBox" time="0.000">
    <skipped/>
  </testcase> <!-- TC_03_19_validateLoanTenureTextBox -->
  <testcase classname="stepDefinitions.Testcase" name="TC_03_20_validateLoanTenureSlider" time="0.000">
    <skipped/>
  </testcase> <!-- TC_03_20_validateLoanTenureSlider -->
  <testcase classname="stepDefinitions.Testcase" name="TC_03_22_validateFeesAndChargesTextBox" time="0.000">
    <skipped/>
  </testcase> <!-- TC_03_22_validateFeesAndChargesTextBox -->
  <testcase classname="stepDefinitions.Testcase" name="TC_03_23_validateFeesAndChargesSlider" time="0.000">
    <skipped/>
  </testcase> <!-- TC_03_23_validateFeesAndChargesSlider -->
  <testcase classname="stepDefinitions.Testcase" name="TC_03_24_validatingDataFlowBetweenFeesAndChargesSliderAndTextBox" time="0.001">
    <skipped/>
  </testcase> <!-- TC_03_24_validatingDataFlowBetweenFeesAndChargesSliderAndTextBox -->
  <testcase classname="stepDefinitions.Testcase" name="TC_03_25_validateLoanAmountTextBox" time="0.000">
    <skipped/>
  </testcase> <!-- TC_03_25_validateLoanAmountTextBox -->
  <testcase classname="stepDefinitions.Testcase" name="TC_03_26_validateLoanAmountSlider" time="0.001">
    <skipped/>
  </testcase> <!-- TC_03_26_validateLoanAmountSlider -->
  <testcase classname="stepDefinitions.Testcase" name="TC_03_27_validatingDataFlowBetweenLoanAmountSliderAndTextBox" time="0.000">
    <skipped/>
  </testcase> <!-- TC_03_27_validatingDataFlowBetweenLoanAmountSliderAndTextBox -->
  <testcase classname="stepDefinitions.Testcase" name="TC_03_28_validatingValidatingEMITextBox" time="0.000">
    <skipped/>
  </testcase> <!-- TC_03_28_validatingValidatingEMITextBox -->
  <testcase classname="stepDefinitions.Testcase" name="TC_03_29_validatingEMISlider" time="0.000">
    <skipped/>
  </testcase> <!-- TC_03_29_validatingEMISlider -->
  <testcase classname="stepDefinitions.Testcase" name="TC_03_30_validatingDataFlowBetweenEMISliderAndTextBox" time="0.000">
    <skipped/>
  </testcase> <!-- TC_03_30_validatingDataFlowBetweenEMISliderAndTextBox -->
  <testcase classname="stepDefinitions.Testcase" name="TC_03_31_validateInterestRateTextBox" time="0.000">
    <skipped/>
  </testcase> <!-- TC_03_31_validateInterestRateTextBox -->
  <testcase classname="stepDefinitions.Testcase" name="TC_03_32_validatingInterestRateSlider" time="0.000">
    <skipped/>
  </testcase> <!-- TC_03_32_validatingInterestRateSlider -->
  <testcase classname="stepDefinitions.Testcase" name="TC_03_33_validateDataFlowBetweenInterestRateSliderAndTextBox" time="0.000">
    <skipped/>
  </testcase> <!-- TC_03_33_validateDataFlowBetweenInterestRateSliderAndTextBox -->
  <testcase classname="stepDefinitions.Testcase" name="TC_03_34_validateFeesAndChargesTextBox" time="0.001">
    <skipped/>
  </testcase> <!-- TC_03_34_validateFeesAndChargesTextBox -->
  <testcase classname="stepDefinitions.Testcase" name="TC_03_35_validateFeesAndChargesSlider" time="0.000">
    <skipped/>
  </testcase> <!-- TC_03_35_validateFeesAndChargesSlider -->
  <testcase classname="stepDefinitions.Testcase" name="TC_036_validatingDataFlowBetweenFeesAndChargesSliderAndTextBox" time="0.000">
    <skipped/>
  </testcase> <!-- TC_036_validatingDataFlowBetweenFeesAndChargesSliderAndTextBox -->
  <testcase classname="stepDefinitions.Testcase" name="TC_03_37_validatingDataFlowBetweenYearAndMonthButton" time="0.000">
    <skipped/>
  </testcase> <!-- TC_03_37_validatingDataFlowBetweenYearAndMonthButton -->
  <testcase classname="stepDefinitions.Testcase" name="TC_03_38_validatingDataFlowBetweenYearAndMonthButton" time="0.000">
    <skipped/>
  </testcase> <!-- TC_03_38_validatingDataFlowBetweenYearAndMonthButton -->
</testsuite> <!-- stepDefinitions.Testcase -->
